src/app/components/context/AuthContext.tsx(1,54): error TS6133: 'useEffect' is declared but its value is never read.
src/app/components/Dashboard.tsx(6,3): error TS6133: 'TrendingUp' is declared but its value is never read.
src/app/components/Dashboard.tsx(7,3): error TS6133: 'TrendingDown' is declared but its value is never read.
src/app/components/Dashboard.tsx(14,27): error TS6133: 'BarChart' is declared but its value is never read.
src/app/components/Dashboard.tsx(14,37): error TS6133: 'Bar' is declared but its value is never read.
src/app/components/Dashboard.tsx(147,75): error TS7053: Element implicitly has an 'any' type because expression of type 'string' can't be used to index type '{ blue: string; orange: string; purple: string; green: string; }'.
  No index signature with a parameter of type 'string' was found on type '{ blue: string; orange: string; purple: string; green: string; }'.
src/app/components/Inventory.tsx(5,3): error TS6133: 'Filter' is declared but its value is never read.
src/app/components/LoginHistory.tsx(3,3): error TS6133: 'Filter' is declared but its value is never read.
src/app/components/LoginHistory.tsx(10,3): error TS6133: 'Calendar' is declared but its value is never read.
src/app/components/ui/calendar.tsx(63,9): error TS2353: Object literal may only specify known properties, and 'IconLeft' does not exist in type 'Partial<CustomComponents>'.
src/app/components/ui/calendar.tsx(63,22): error TS7031: Binding element 'className' implicitly has an 'any' type.
src/app/components/ui/calendar.tsx(66,23): error TS7031: Binding element 'className' implicitly has an 'any' type.
src/app/components/ui/form.tsx(14,8): error TS2307: Cannot find module 'react-hook-form' or its corresponding type declarations.
src/app/components/ui/resizable.tsx(12,51): error TS2339: Property 'PanelGroup' does not exist on type 'typeof import("C:/Users/Karl/Desktop/Website/node_modules/react-resizable-panels/dist/react-resizable-panels")'.
src/app/components/ui/resizable.tsx(14,25): error TS2339: Property 'PanelGroup' does not exist on type 'typeof import("C:/Users/Karl/Desktop/Website/node_modules/react-resizable-panels/dist/react-resizable-panels")'.
src/app/components/ui/resizable.tsx(35,51): error TS2339: Property 'PanelResizeHandle' does not exist on type 'typeof import("C:/Users/Karl/Desktop/Website/node_modules/react-resizable-panels/dist/react-resizable-panels")'.
src/app/components/ui/resizable.tsx(39,25): error TS2339: Property 'PanelResizeHandle' does not exist on type 'typeof import("C:/Users/Karl/Desktop/Website/node_modules/react-resizable-panels/dist/react-resizable-panels")'.
src/app/components/ui/resizable.tsx(52,26): error TS2339: Property 'PanelResizeHandle' does not exist on type 'typeof import("C:/Users/Karl/Desktop/Website/node_modules/react-resizable-panels/dist/react-resizable-panels")'.
src/app/components/ui/sonner.tsx(3,26): error TS2307: Cannot find module 'next-themes' or its corresponding type declarations.
src/app/contexts/AuthContext.tsx(1,54): error TS6133: 'useEffect' is declared but its value is never read.
